CRITICAL - 2022-03-16 12:38:25 --> Invalid file: img.php
#0 C:\wamp64\www\pw_pjt1\system\View\View.php(198): CodeIgniter\Exceptions\FrameworkException::forInvalidFile('img.php')
#1 C:\wamp64\www\pw_pjt1\system\Common.php(1089): CodeIgniter\View\View->render('img', Array, true)
#2 C:\wamp64\www\pw_pjt1\app\Controllers\Home.php(16): view('img')
#3 C:\wamp64\www\pw_pjt1\system\CodeIgniter.php(825): App\Controllers\Home->page('img', 'bmw1.jpeg')
#4 C:\wamp64\www\pw_pjt1\system\CodeIgniter.php(412): CodeIgniter\CodeIgniter->runController(Object(App\Controllers\Home))
#5 C:\wamp64\www\pw_pjt1\system\CodeIgniter.php(320): CodeIgniter\CodeIgniter->handleRequest(NULL, Object(Config\Cache), false)
#6 C:\wamp64\www\pw_pjt1\public\index.php(37): CodeIgniter\CodeIgniter->run()
#7 C:\wamp64\www\pw_pjt1\system\Commands\Server\rewrite.php(43): require_once('C:\\wamp64\\www\\p...')
#8 {main}
CRITICAL - 2022-03-16 12:38:25 --> Invalid file: img.php
#0 C:\wamp64\www\pw_pjt1\system\View\View.php(198): CodeIgniter\Exceptions\FrameworkException::forInvalidFile('img.php')
#1 C:\wamp64\www\pw_pjt1\system\Common.php(1089): CodeIgniter\View\View->render('img', Array, true)
#2 C:\wamp64\www\pw_pjt1\app\Controllers\Home.php(16): view('img')
#3 C:\wamp64\www\pw_pjt1\system\CodeIgniter.php(825): App\Controllers\Home->page('img', 'bmw2.jpeg')
#4 C:\wamp64\www\pw_pjt1\system\CodeIgniter.php(412): CodeIgniter\CodeIgniter->runController(Object(App\Controllers\Home))
#5 C:\wamp64\www\pw_pjt1\system\CodeIgniter.php(320): CodeIgniter\CodeIgniter->handleRequest(NULL, Object(Config\Cache), false)
#6 C:\wamp64\www\pw_pjt1\public\index.php(37): CodeIgniter\CodeIgniter->run()
#7 C:\wamp64\www\pw_pjt1\system\Commands\Server\rewrite.php(43): require_once('C:\\wamp64\\www\\p...')
#8 {main}
CRITICAL - 2022-03-16 12:38:25 --> Invalid file: img.php
#0 C:\wamp64\www\pw_pjt1\system\View\View.php(198): CodeIgniter\Exceptions\FrameworkException::forInvalidFile('img.php')
#1 C:\wamp64\www\pw_pjt1\system\Common.php(1089): CodeIgniter\View\View->render('img', Array, true)
#2 C:\wamp64\www\pw_pjt1\app\Controllers\Home.php(16): view('img')
#3 C:\wamp64\www\pw_pjt1\system\CodeIgniter.php(825): App\Controllers\Home->page('img', 'bmw3.jpeg')
#4 C:\wamp64\www\pw_pjt1\system\CodeIgniter.php(412): CodeIgniter\CodeIgniter->runController(Object(App\Controllers\Home))
#5 C:\wamp64\www\pw_pjt1\system\CodeIgniter.php(320): CodeIgniter\CodeIgniter->handleRequest(NULL, Object(Config\Cache), false)
#6 C:\wamp64\www\pw_pjt1\public\index.php(37): CodeIgniter\CodeIgniter->run()
#7 C:\wamp64\www\pw_pjt1\system\Commands\Server\rewrite.php(43): require_once('C:\\wamp64\\www\\p...')
#8 {main}
CRITICAL - 2022-03-16 12:38:25 --> Invalid file: img.php
#0 C:\wamp64\www\pw_pjt1\system\View\View.php(198): CodeIgniter\Exceptions\FrameworkException::forInvalidFile('img.php')
#1 C:\wamp64\www\pw_pjt1\system\Common.php(1089): CodeIgniter\View\View->render('img', Array, true)
#2 C:\wamp64\www\pw_pjt1\app\Controllers\Home.php(16): view('img')
#3 C:\wamp64\www\pw_pjt1\system\CodeIgniter.php(825): App\Controllers\Home->page('img', 'bmw4.jpeg')
#4 C:\wamp64\www\pw_pjt1\system\CodeIgniter.php(412): CodeIgniter\CodeIgniter->runController(Object(App\Controllers\Home))
#5 C:\wamp64\www\pw_pjt1\system\CodeIgniter.php(320): CodeIgniter\CodeIgniter->handleRequest(NULL, Object(Config\Cache), false)
#6 C:\wamp64\www\pw_pjt1\public\index.php(37): CodeIgniter\CodeIgniter->run()
#7 C:\wamp64\www\pw_pjt1\system\Commands\Server\rewrite.php(43): require_once('C:\\wamp64\\www\\p...')
#8 {main}
CRITICAL - 2022-03-16 12:38:25 --> Invalid file: img.php
#0 C:\wamp64\www\pw_pjt1\system\View\View.php(198): CodeIgniter\Exceptions\FrameworkException::forInvalidFile('img.php')
#1 C:\wamp64\www\pw_pjt1\system\Common.php(1089): CodeIgniter\View\View->render('img', Array, true)
#2 C:\wamp64\www\pw_pjt1\app\Controllers\Home.php(16): view('img')
#3 C:\wamp64\www\pw_pjt1\system\CodeIgniter.php(825): App\Controllers\Home->page('img', 'bmw5.jpeg')
#4 C:\wamp64\www\pw_pjt1\system\CodeIgniter.php(412): CodeIgniter\CodeIgniter->runController(Object(App\Controllers\Home))
#5 C:\wamp64\www\pw_pjt1\system\CodeIgniter.php(320): CodeIgniter\CodeIgniter->handleRequest(NULL, Object(Config\Cache), false)
#6 C:\wamp64\www\pw_pjt1\public\index.php(37): CodeIgniter\CodeIgniter->run()
#7 C:\wamp64\www\pw_pjt1\system\Commands\Server\rewrite.php(43): require_once('C:\\wamp64\\www\\p...')
#8 {main}
CRITICAL - 2022-03-16 12:38:28 --> Invalid file: img.php
#0 C:\wamp64\www\pw_pjt1\system\View\View.php(198): CodeIgniter\Exceptions\FrameworkException::forInvalidFile('img.php')
#1 C:\wamp64\www\pw_pjt1\system\Common.php(1089): CodeIgniter\View\View->render('img', Array, true)
#2 C:\wamp64\www\pw_pjt1\app\Controllers\Home.php(16): view('img')
#3 C:\wamp64\www\pw_pjt1\system\CodeIgniter.php(825): App\Controllers\Home->page('img', 'bmw1.jpeg')
#4 C:\wamp64\www\pw_pjt1\system\CodeIgniter.php(412): CodeIgniter\CodeIgniter->runController(Object(App\Controllers\Home))
#5 C:\wamp64\www\pw_pjt1\system\CodeIgniter.php(320): CodeIgniter\CodeIgniter->handleRequest(NULL, Object(Config\Cache), false)
#6 C:\wamp64\www\pw_pjt1\public\index.php(37): CodeIgniter\CodeIgniter->run()
#7 C:\wamp64\www\pw_pjt1\system\Commands\Server\rewrite.php(43): require_once('C:\\wamp64\\www\\p...')
#8 {main}
CRITICAL - 2022-03-16 12:38:28 --> Invalid file: img.php
#0 C:\wamp64\www\pw_pjt1\system\View\View.php(198): CodeIgniter\Exceptions\FrameworkException::forInvalidFile('img.php')
#1 C:\wamp64\www\pw_pjt1\system\Common.php(1089): CodeIgniter\View\View->render('img', Array, true)
#2 C:\wamp64\www\pw_pjt1\app\Controllers\Home.php(16): view('img')
#3 C:\wamp64\www\pw_pjt1\system\CodeIgniter.php(825): App\Controllers\Home->page('img', 'bmw2.jpeg')
#4 C:\wamp64\www\pw_pjt1\system\CodeIgniter.php(412): CodeIgniter\CodeIgniter->runController(Object(App\Controllers\Home))
#5 C:\wamp64\www\pw_pjt1\system\CodeIgniter.php(320): CodeIgniter\CodeIgniter->handleRequest(NULL, Object(Config\Cache), false)
#6 C:\wamp64\www\pw_pjt1\public\index.php(37): CodeIgniter\CodeIgniter->run()
#7 C:\wamp64\www\pw_pjt1\system\Commands\Server\rewrite.php(43): require_once('C:\\wamp64\\www\\p...')
#8 {main}
CRITICAL - 2022-03-16 12:38:29 --> Invalid file: img.php
#0 C:\wamp64\www\pw_pjt1\system\View\View.php(198): CodeIgniter\Exceptions\FrameworkException::forInvalidFile('img.php')
#1 C:\wamp64\www\pw_pjt1\system\Common.php(1089): CodeIgniter\View\View->render('img', Array, true)
#2 C:\wamp64\www\pw_pjt1\app\Controllers\Home.php(16): view('img')
#3 C:\wamp64\www\pw_pjt1\system\CodeIgniter.php(825): App\Controllers\Home->page('img', 'bmw3.jpeg')
#4 C:\wamp64\www\pw_pjt1\system\CodeIgniter.php(412): CodeIgniter\CodeIgniter->runController(Object(App\Controllers\Home))
#5 C:\wamp64\www\pw_pjt1\system\CodeIgniter.php(320): CodeIgniter\CodeIgniter->handleRequest(NULL, Object(Config\Cache), false)
#6 C:\wamp64\www\pw_pjt1\public\index.php(37): CodeIgniter\CodeIgniter->run()
#7 C:\wamp64\www\pw_pjt1\system\Commands\Server\rewrite.php(43): require_once('C:\\wamp64\\www\\p...')
#8 {main}
CRITICAL - 2022-03-16 12:38:29 --> Invalid file: img.php
#0 C:\wamp64\www\pw_pjt1\system\View\View.php(198): CodeIgniter\Exceptions\FrameworkException::forInvalidFile('img.php')
#1 C:\wamp64\www\pw_pjt1\system\Common.php(1089): CodeIgniter\View\View->render('img', Array, true)
#2 C:\wamp64\www\pw_pjt1\app\Controllers\Home.php(16): view('img')
#3 C:\wamp64\www\pw_pjt1\system\CodeIgniter.php(825): App\Controllers\Home->page('img', 'bmw4.jpeg')
#4 C:\wamp64\www\pw_pjt1\system\CodeIgniter.php(412): CodeIgniter\CodeIgniter->runController(Object(App\Controllers\Home))
#5 C:\wamp64\www\pw_pjt1\system\CodeIgniter.php(320): CodeIgniter\CodeIgniter->handleRequest(NULL, Object(Config\Cache), false)
#6 C:\wamp64\www\pw_pjt1\public\index.php(37): CodeIgniter\CodeIgniter->run()
#7 C:\wamp64\www\pw_pjt1\system\Commands\Server\rewrite.php(43): require_once('C:\\wamp64\\www\\p...')
#8 {main}
CRITICAL - 2022-03-16 12:38:29 --> Invalid file: img.php
#0 C:\wamp64\www\pw_pjt1\system\View\View.php(198): CodeIgniter\Exceptions\FrameworkException::forInvalidFile('img.php')
#1 C:\wamp64\www\pw_pjt1\system\Common.php(1089): CodeIgniter\View\View->render('img', Array, true)
#2 C:\wamp64\www\pw_pjt1\app\Controllers\Home.php(16): view('img')
#3 C:\wamp64\www\pw_pjt1\system\CodeIgniter.php(825): App\Controllers\Home->page('img', 'bmw5.jpeg')
#4 C:\wamp64\www\pw_pjt1\system\CodeIgniter.php(412): CodeIgniter\CodeIgniter->runController(Object(App\Controllers\Home))
#5 C:\wamp64\www\pw_pjt1\system\CodeIgniter.php(320): CodeIgniter\CodeIgniter->handleRequest(NULL, Object(Config\Cache), false)
#6 C:\wamp64\www\pw_pjt1\public\index.php(37): CodeIgniter\CodeIgniter->run()
#7 C:\wamp64\www\pw_pjt1\system\Commands\Server\rewrite.php(43): require_once('C:\\wamp64\\www\\p...')
#8 {main}
CRITICAL - 2022-03-16 12:57:59 --> Use of undefined constant base_url - assumed 'base_url' (this will throw an Error in a future version of PHP)
#0 C:\wamp64\www\pw_pjt1\app\Views\home.php(41): CodeIgniter\Debug\Exceptions->errorHandler(2, 'Use of undefine...', 'C:\\wamp64\\www\\p...', 41, Array)
#1 C:\wamp64\www\pw_pjt1\system\View\View.php(210): include('C:\\wamp64\\www\\p...')
#2 C:\wamp64\www\pw_pjt1\system\View\View.php(213): CodeIgniter\View\View->CodeIgniter\View\{closure}()
#3 C:\wamp64\www\pw_pjt1\system\Common.php(1089): CodeIgniter\View\View->render('home', Array, true)
#4 C:\wamp64\www\pw_pjt1\app\Controllers\Home.php(16): view('home')
#5 C:\wamp64\www\pw_pjt1\system\CodeIgniter.php(825): App\Controllers\Home->page('home')
#6 C:\wamp64\www\pw_pjt1\system\CodeIgniter.php(412): CodeIgniter\CodeIgniter->runController(Object(App\Controllers\Home))
#7 C:\wamp64\www\pw_pjt1\system\CodeIgniter.php(320): CodeIgniter\CodeIgniter->handleRequest(NULL, Object(Config\Cache), false)
#8 C:\wamp64\www\pw_pjt1\public\index.php(37): CodeIgniter\CodeIgniter->run()
#9 C:\wamp64\www\pw_pjt1\system\Commands\Server\rewrite.php(43): require_once('C:\\wamp64\\www\\p...')
#10 {main}
CRITICAL - 2022-03-16 12:58:06 --> Use of undefined constant base_url - assumed 'base_url' (this will throw an Error in a future version of PHP)
#0 C:\wamp64\www\pw_pjt1\app\Views\home.php(41): CodeIgniter\Debug\Exceptions->errorHandler(2, 'Use of undefine...', 'C:\\wamp64\\www\\p...', 41, Array)
#1 C:\wamp64\www\pw_pjt1\system\View\View.php(210): include('C:\\wamp64\\www\\p...')
#2 C:\wamp64\www\pw_pjt1\system\View\View.php(213): CodeIgniter\View\View->CodeIgniter\View\{closure}()
#3 C:\wamp64\www\pw_pjt1\system\Common.php(1089): CodeIgniter\View\View->render('home', Array, true)
#4 C:\wamp64\www\pw_pjt1\app\Controllers\Home.php(16): view('home')
#5 C:\wamp64\www\pw_pjt1\system\CodeIgniter.php(825): App\Controllers\Home->page('home')
#6 C:\wamp64\www\pw_pjt1\system\CodeIgniter.php(412): CodeIgniter\CodeIgniter->runController(Object(App\Controllers\Home))
#7 C:\wamp64\www\pw_pjt1\system\CodeIgniter.php(320): CodeIgniter\CodeIgniter->handleRequest(NULL, Object(Config\Cache), false)
#8 C:\wamp64\www\pw_pjt1\public\index.php(37): CodeIgniter\CodeIgniter->run()
#9 C:\wamp64\www\pw_pjt1\system\Commands\Server\rewrite.php(43): require_once('C:\\wamp64\\www\\p...')
#10 {main}
CRITICAL - 2022-03-16 12:58:26 --> Use of undefined constant base_url - assumed 'base_url' (this will throw an Error in a future version of PHP)
#0 C:\wamp64\www\pw_pjt1\app\Views\home.php(41): CodeIgniter\Debug\Exceptions->errorHandler(2, 'Use of undefine...', 'C:\\wamp64\\www\\p...', 41, Array)
#1 C:\wamp64\www\pw_pjt1\system\View\View.php(210): include('C:\\wamp64\\www\\p...')
#2 C:\wamp64\www\pw_pjt1\system\View\View.php(213): CodeIgniter\View\View->CodeIgniter\View\{closure}()
#3 C:\wamp64\www\pw_pjt1\system\Common.php(1089): CodeIgniter\View\View->render('home', Array, true)
#4 C:\wamp64\www\pw_pjt1\app\Controllers\Home.php(16): view('home')
#5 C:\wamp64\www\pw_pjt1\system\CodeIgniter.php(825): App\Controllers\Home->page('home')
#6 C:\wamp64\www\pw_pjt1\system\CodeIgniter.php(412): CodeIgniter\CodeIgniter->runController(Object(App\Controllers\Home))
#7 C:\wamp64\www\pw_pjt1\system\CodeIgniter.php(320): CodeIgniter\CodeIgniter->handleRequest(NULL, Object(Config\Cache), false)
#8 C:\wamp64\www\pw_pjt1\public\index.php(37): CodeIgniter\CodeIgniter->run()
#9 C:\wamp64\www\pw_pjt1\system\Commands\Server\rewrite.php(43): require_once('C:\\wamp64\\www\\p...')
#10 {main}
CRITICAL - 2022-03-16 12:59:08 --> Use of undefined constant base_url - assumed 'base_url' (this will throw an Error in a future version of PHP)
#0 C:\wamp64\www\pw_pjt1\app\Views\home.php(41): CodeIgniter\Debug\Exceptions->errorHandler(2, 'Use of undefine...', 'C:\\wamp64\\www\\p...', 41, Array)
#1 C:\wamp64\www\pw_pjt1\system\View\View.php(210): include('C:\\wamp64\\www\\p...')
#2 C:\wamp64\www\pw_pjt1\system\View\View.php(213): CodeIgniter\View\View->CodeIgniter\View\{closure}()
#3 C:\wamp64\www\pw_pjt1\system\Common.php(1089): CodeIgniter\View\View->render('home', Array, true)
#4 C:\wamp64\www\pw_pjt1\app\Controllers\Home.php(16): view('home')
#5 C:\wamp64\www\pw_pjt1\system\CodeIgniter.php(825): App\Controllers\Home->page('home')
#6 C:\wamp64\www\pw_pjt1\system\CodeIgniter.php(412): CodeIgniter\CodeIgniter->runController(Object(App\Controllers\Home))
#7 C:\wamp64\www\pw_pjt1\system\CodeIgniter.php(320): CodeIgniter\CodeIgniter->handleRequest(NULL, Object(Config\Cache), false)
#8 C:\wamp64\www\pw_pjt1\public\index.php(37): CodeIgniter\CodeIgniter->run()
#9 C:\wamp64\www\pw_pjt1\system\Commands\Server\rewrite.php(43): require_once('C:\\wamp64\\www\\p...')
#10 {main}
