CRITICAL - 2022-03-17 06:36:45 --> Use of undefined constant link - assumed 'link' (this will throw an Error in a future version of PHP)
#0 C:\wamp64\www\pw_pjt1\app\Views\quemsomos.php(1): CodeIgniter\Debug\Exceptions->errorHandler(2, 'Use of undefine...', 'C:\\wamp64\\www\\p...', 1, Array)
#1 C:\wamp64\www\pw_pjt1\system\View\View.php(210): include('C:\\wamp64\\www\\p...')
#2 C:\wamp64\www\pw_pjt1\system\View\View.php(213): CodeIgniter\View\View->CodeIgniter\View\{closure}()
#3 C:\wamp64\www\pw_pjt1\system\Common.php(1089): CodeIgniter\View\View->render('quemsomos', Array, true)
#4 C:\wamp64\www\pw_pjt1\app\Controllers\Home.php(16): view('quemsomos')
#5 C:\wamp64\www\pw_pjt1\system\CodeIgniter.php(825): App\Controllers\Home->page('quemsomos')
#6 C:\wamp64\www\pw_pjt1\system\CodeIgniter.php(412): CodeIgniter\CodeIgniter->runController(Object(App\Controllers\Home))
#7 C:\wamp64\www\pw_pjt1\system\CodeIgniter.php(320): CodeIgniter\CodeIgniter->handleRequest(NULL, Object(Config\Cache), false)
#8 C:\wamp64\www\pw_pjt1\public\index.php(37): CodeIgniter\CodeIgniter->run()
#9 C:\wamp64\www\pw_pjt1\system\Commands\Server\rewrite.php(43): require_once('C:\\wamp64\\www\\p...')
#10 {main}
CRITICAL - 2022-03-17 06:37:36 --> Use of undefined constant base - assumed 'base' (this will throw an Error in a future version of PHP)
#0 C:\wamp64\www\pw_pjt1\app\Views\quemsomos.php(1): CodeIgniter\Debug\Exceptions->errorHandler(2, 'Use of undefine...', 'C:\\wamp64\\www\\p...', 1, Array)
#1 C:\wamp64\www\pw_pjt1\system\View\View.php(210): include('C:\\wamp64\\www\\p...')
#2 C:\wamp64\www\pw_pjt1\system\View\View.php(213): CodeIgniter\View\View->CodeIgniter\View\{closure}()
#3 C:\wamp64\www\pw_pjt1\system\Common.php(1089): CodeIgniter\View\View->render('quemsomos', Array, true)
#4 C:\wamp64\www\pw_pjt1\app\Controllers\Home.php(16): view('quemsomos')
#5 C:\wamp64\www\pw_pjt1\system\CodeIgniter.php(825): App\Controllers\Home->page('quemsomos')
#6 C:\wamp64\www\pw_pjt1\system\CodeIgniter.php(412): CodeIgniter\CodeIgniter->runController(Object(App\Controllers\Home))
#7 C:\wamp64\www\pw_pjt1\system\CodeIgniter.php(320): CodeIgniter\CodeIgniter->handleRequest(NULL, Object(Config\Cache), false)
#8 C:\wamp64\www\pw_pjt1\public\index.php(37): CodeIgniter\CodeIgniter->run()
#9 C:\wamp64\www\pw_pjt1\system\Commands\Server\rewrite.php(43): require_once('C:\\wamp64\\www\\p...')
#10 {main}
CRITICAL - 2022-03-17 06:37:42 --> Use of undefined constant base - assumed 'base' (this will throw an Error in a future version of PHP)
#0 C:\wamp64\www\pw_pjt1\app\Views\quemsomos.php(1): CodeIgniter\Debug\Exceptions->errorHandler(2, 'Use of undefine...', 'C:\\wamp64\\www\\p...', 1, Array)
#1 C:\wamp64\www\pw_pjt1\system\View\View.php(210): include('C:\\wamp64\\www\\p...')
#2 C:\wamp64\www\pw_pjt1\system\View\View.php(213): CodeIgniter\View\View->CodeIgniter\View\{closure}()
#3 C:\wamp64\www\pw_pjt1\system\Common.php(1089): CodeIgniter\View\View->render('quemsomos', Array, true)
#4 C:\wamp64\www\pw_pjt1\app\Controllers\Home.php(16): view('quemsomos')
#5 C:\wamp64\www\pw_pjt1\system\CodeIgniter.php(825): App\Controllers\Home->page('quemsomos')
#6 C:\wamp64\www\pw_pjt1\system\CodeIgniter.php(412): CodeIgniter\CodeIgniter->runController(Object(App\Controllers\Home))
#7 C:\wamp64\www\pw_pjt1\system\CodeIgniter.php(320): CodeIgniter\CodeIgniter->handleRequest(NULL, Object(Config\Cache), false)
#8 C:\wamp64\www\pw_pjt1\public\index.php(37): CodeIgniter\CodeIgniter->run()
#9 C:\wamp64\www\pw_pjt1\system\Commands\Server\rewrite.php(43): require_once('C:\\wamp64\\www\\p...')
#10 {main}
